-------------------------------------------------------------------------------
Test set: com.Test.EO.TestEo
-------------------------------------------------------------------------------
Tests run: 12, Failures: 5, Errors: 0, Skipped: 3, Time elapsed: 0.436 sec <<< FAILURE! - in com.Test.EO.TestEo
test3(com.Test.EO.TestEo)  Time elapsed: 0.007 sec  <<< FAILURE!
java.lang.AssertionError: expected [true] but found [false]
	at com.Test.EO.TestEo.test3(TestEo.java:25)

test6(com.Test.EO.TestEo)  Time elapsed: 0 sec  <<< FAILURE!
java.lang.AssertionError: expected [10] but found [20]
	at com.Test.EO.TestEo.test6(TestEo.java:46)

test7(com.Test.EO.TestEo)  Time elapsed: 0 sec  <<< FAILURE!
java.lang.AssertionError: expected [https://www.amazon.com/] but found [Amazon]
	at com.Test.EO.TestEo.test7(TestEo.java:51)

test8(com.Test.EO.TestEo)  Time elapsed: 0.001 sec  <<< FAILURE!
java.lang.AssertionError: expected [edgeop] but found [edgeops]
	at com.Test.EO.TestEo.test8(TestEo.java:56)

test_Url(com.Test.EO.TestEo)  Time elapsed: 0 sec  <<< FAILURE!
java.lang.AssertionError: expected [https://www.amazon.com/] but found [url]
	at com.Test.EO.TestEo.test_Url(TestEo.java:13)

